{"contracts/interfaces/IERC20.sol":{"l":{},"path":"/Users/zilanouyang/Codes/merkle-distributor-testing-coverage-included-marek/contracts/interfaces/IERC20.sol","s":{},"b":{},"f":{},"fnMap":{},"statementMap":{},"branchMap":{}},"contracts/interfaces/IMerkleDistributor.sol":{"l":{},"path":"/Users/zilanouyang/Codes/merkle-distributor-testing-coverage-included-marek/contracts/interfaces/IMerkleDistributor.sol","s":{},"b":{},"f":{},"fnMap":{},"statementMap":{},"branchMap":{}},"contracts/MerkleDistributor.sol":{"l":{"20":60,"21":60,"25":31,"26":31,"27":31,"28":31,"29":31,"33":16,"34":16,"35":16,"39":27,"42":20,"43":20,"46":16,"48":16,"50":15},"path":"/Users/zilanouyang/Codes/merkle-distributor-testing-coverage-included-marek/contracts/MerkleDistributor.sol","s":{"1":60,"2":60,"3":31,"4":31,"5":31,"6":31,"7":31,"8":16,"9":16,"10":16,"11":27,"12":20,"13":20,"14":16,"15":16,"16":15},"b":{"1":[20,7],"2":[16,4]},"f":{"1":60,"2":31,"3":16,"4":27},"fnMap":{"1":{"name":"constructor","line":19,"loc":{"start":{"line":19,"column":4},"end":{"line":22,"column":4}}},"2":{"name":"isClaimed","line":24,"loc":{"start":{"line":24,"column":4},"end":{"line":30,"column":4}}},"3":{"name":"_setClaimed","line":32,"loc":{"start":{"line":32,"column":4},"end":{"line":36,"column":4}}},"4":{"name":"claim","line":38,"loc":{"start":{"line":38,"column":4},"end":{"line":51,"column":4}}}},"statementMap":{"1":{"start":{"line":20,"column":8},"end":{"line":20,"column":21}},"2":{"start":{"line":21,"column":8},"end":{"line":21,"column":31}},"3":{"start":{"line":25,"column":8},"end":{"line":25,"column":46}},"4":{"start":{"line":26,"column":8},"end":{"line":26,"column":45}},"5":{"start":{"line":27,"column":8},"end":{"line":27,"column":61}},"6":{"start":{"line":28,"column":8},"end":{"line":28,"column":45}},"7":{"start":{"line":29,"column":8},"end":{"line":29,"column":41}},"8":{"start":{"line":33,"column":8},"end":{"line":33,"column":46}},"9":{"start":{"line":34,"column":8},"end":{"line":34,"column":45}},"10":{"start":{"line":35,"column":8},"end":{"line":35,"column":97}},"11":{"start":{"line":39,"column":8},"end":{"line":39,"column":77}},"12":{"start":{"line":42,"column":8},"end":{"line":42,"column":74}},"13":{"start":{"line":43,"column":8},"end":{"line":43,"column":102}},"14":{"start":{"line":46,"column":8},"end":{"line":46,"column":25}},"15":{"start":{"line":48,"column":8},"end":{"line":48,"column":61}},"16":{"start":{"line":50,"column":8},"end":{"line":50,"column":44}}},"branchMap":{"1":{"line":39,"type":"if","locations":[{"start":{"line":39,"column":8},"end":{"line":39,"column":8}},{"start":{"line":39,"column":8},"end":{"line":39,"column":8}}]},"2":{"line":43,"type":"if","locations":[{"start":{"line":43,"column":8},"end":{"line":43,"column":8}},{"start":{"line":43,"column":8},"end":{"line":43,"column":8}}]}}},"contracts/MerkleProof.sol":{"l":{"14":20,"16":20,"17":42,"19":42,"21":19,"24":23,"29":20},"path":"/Users/zilanouyang/Codes/merkle-distributor-testing-coverage-included-marek/contracts/MerkleProof.sol","s":{"1":20,"2":20,"3":42,"4":42,"5":19,"6":23,"7":20},"b":{"1":[19,23]},"f":{"1":20},"fnMap":{"1":{"name":"verify","line":13,"loc":{"start":{"line":13,"column":4},"end":{"line":30,"column":4}}}},"statementMap":{"1":{"start":{"line":14,"column":8},"end":{"line":14,"column":35}},"2":{"start":{"line":16,"column":8},"end":{"line":16,"column":618}},"3":{"start":{"line":17,"column":12},"end":{"line":17,"column":43}},"4":{"start":{"line":19,"column":12},"end":{"line":19,"column":725}},"5":{"start":{"line":21,"column":16},"end":{"line":21,"column":85}},"6":{"start":{"line":24,"column":16},"end":{"line":24,"column":85}},"7":{"start":{"line":29,"column":8},"end":{"line":29,"column":35}}},"branchMap":{"1":{"line":19,"type":"if","locations":[{"start":{"line":19,"column":12},"end":{"line":19,"column":12}},{"start":{"line":19,"column":12},"end":{"line":19,"column":12}}]}}},"contracts/test/TestERC20.sol":{"l":{"13":63,"19":80,"20":80,"21":16,"23":1},"path":"/Users/zilanouyang/Codes/merkle-distributor-testing-coverage-included-marek/contracts/test/TestERC20.sol","s":{"1":63,"2":80,"3":80,"4":16,"5":64,"6":1},"b":{"1":[16,64],"2":[1,63]},"f":{"1":63,"2":80},"fnMap":{"1":{"name":"constructor","line":12,"loc":{"start":{"line":12,"column":4},"end":{"line":14,"column":4}}},"2":{"name":"setBalance","line":18,"loc":{"start":{"line":18,"column":4},"end":{"line":25,"column":4}}}},"statementMap":{"1":{"start":{"line":13,"column":8},"end":{"line":13,"column":43}},"2":{"start":{"line":19,"column":8},"end":{"line":19,"column":32}},"3":{"start":{"line":20,"column":8},"end":{"line":20,"column":800}},"4":{"start":{"line":21,"column":12},"end":{"line":21,"column":34}},"5":{"start":{"line":22,"column":15},"end":{"line":22,"column":872}},"6":{"start":{"line":23,"column":12},"end":{"line":23,"column":34}}},"branchMap":{"1":{"line":20,"type":"if","locations":[{"start":{"line":20,"column":8},"end":{"line":20,"column":8}},{"start":{"line":20,"column":8},"end":{"line":20,"column":8}}]},"2":{"line":22,"type":"if","locations":[{"start":{"line":22,"column":15},"end":{"line":22,"column":15}},{"start":{"line":22,"column":15},"end":{"line":22,"column":15}}]}}}}