TN:
SF:/Users/zilanouyang/Codes/merkle-distributor-testing-coverage-included-marek/contracts/interfaces/IERC20.sol
FNF:0
FNH:0
LF:0
LH:0
BRF:0
BRH:0
end_of_record
TN:
SF:/Users/zilanouyang/Codes/merkle-distributor-testing-coverage-included-marek/contracts/interfaces/IMerkleDistributor.sol
FNF:0
FNH:0
LF:0
LH:0
BRF:0
BRH:0
end_of_record
TN:
SF:/Users/zilanouyang/Codes/merkle-distributor-testing-coverage-included-marek/contracts/MerkleDistributor.sol
FN:19,constructor
FN:24,isClaimed
FN:32,_setClaimed
FN:38,claim
FNF:4
FNH:4
FNDA:60,constructor
FNDA:31,isClaimed
FNDA:16,_setClaimed
FNDA:27,claim
DA:20,60
DA:21,60
DA:25,31
DA:26,31
DA:27,31
DA:28,31
DA:29,31
DA:33,16
DA:34,16
DA:35,16
DA:39,27
DA:42,20
DA:43,20
DA:46,16
DA:48,16
DA:50,15
LF:16
LH:16
BRDA:39,1,0,20
BRDA:39,1,1,7
BRDA:43,2,0,16
BRDA:43,2,1,4
BRF:4
BRH:4
end_of_record
TN:
SF:/Users/zilanouyang/Codes/merkle-distributor-testing-coverage-included-marek/contracts/MerkleProof.sol
FN:13,verify
FNF:1
FNH:1
FNDA:20,verify
DA:14,20
DA:16,20
DA:17,42
DA:19,42
DA:21,19
DA:24,23
DA:29,20
LF:7
LH:7
BRDA:19,1,0,19
BRDA:19,1,1,23
BRF:2
BRH:2
end_of_record
TN:
SF:/Users/zilanouyang/Codes/merkle-distributor-testing-coverage-included-marek/contracts/test/TestERC20.sol
FN:12,constructor
FN:18,setBalance
FNF:2
FNH:2
FNDA:63,constructor
FNDA:80,setBalance
DA:13,63
DA:19,80
DA:20,80
DA:21,16
DA:23,1
LF:5
LH:5
BRDA:20,1,0,16
BRDA:20,1,1,64
BRDA:22,2,0,1
BRDA:22,2,1,63
BRF:4
BRH:4
end_of_record
